<?xml version="1.0" encoding="UTF-8"?>
<!-- Generated by org.testng.reporters.JUnitReportReporter -->
<testsuite hostname="Partheeban" failures="0" tests="1" name="Hybrid_app.general_store" time="49.642" errors="0" timestamp="17 Apr 2023 11:31:27 GMT">
  <testcase classname="Hybrid_app.general_store" name="homepage" time="49.642"/>
</testsuite> <!-- Hybrid_app.general_store -->
